<?xml version="1.0" encoding="UTF-8"?>
<!-- Generated by org.testng.reporters.JUnitXMLReporter -->
<testsuite ignored="2" hostname="LAPTOP-28D0TQ3R" failures="0" tests="6" name="chrome-TestRunner" time="81.926" errors="0" timestamp="2025-12-19T10:49:15 IST">
  <testcase classname="com.comcat.crm.contacttest.CreateContactTest" name="createContact" time="6.199"/>
  <testcase classname="com.comcat.crm.contacttest.CreateContactTest" name="createContactSupportDateTest" time="8.061"/>
  <testcase classname="com.comcat.crm.contacttest.CreateContactTest" name="createContactWithOrg" time="19.925"/>
  <testcase classname="com.comcat.crm.orgtest.CreateOrganizationTest" name="createOrgTest" time="9.327"/>
  <testcase classname="com.comcat.crm.orgtest.CreateOrganizationTest" name="createOrganizationTestWithIndustry" time="8.115"/>
  <testcase classname="com.comcat.crm.orgtest.CreateOrganizationTest" name="createOrganizationTestWithPhoneNumber" time="6.291"/>
  <testcase classname="com.comcat.crm.baseclass.BaseClass" name="@BeforeSuite createDBConnection" time="0.0">
    <ignored/>
  </testcase> <!-- @BeforeSuite createDBConnection -->
  <testcase classname="com.comcat.crm.baseclass.BaseClass" name="@AfterSuite closeDBConnection" time="0.0">
    <ignored/>
  </testcase> <!-- @AfterSuite closeDBConnection -->
</testsuite> <!-- chrome-TestRunner -->
