<?xml version="1.0" encoding="UTF-8"?>
<!-- Generated by org.testng.reporters.JUnitXMLReporter -->
<testsuite ignored="2" hostname="LAPTOP-28D0TQ3R" failures="0" tests="6" name="firefox-TestRunner" time="151.183" errors="0" timestamp="2025-12-19T10:50:24 IST">
  <testcase classname="com.comcat.crm.baseclass.BaseClass" name="@AfterMethod logOutUser" time="36.962">
    <failure type="org.openqa.selenium.TimeoutException" message="Expected condition failed: waiting for visibility of [[FirefoxDriver: firefox on windows (48acc6ad-5d16-4024-beb1-cc47f0ce0463)] -&amp;gt; link text: Sign Out] (tried for 20 second(s) with 500 milliseconds interval)">
      <![CDATA[org.openqa.selenium.TimeoutException: Expected condition failed: waiting for visibility of [[FirefoxDriver: firefox on windows (48acc6ad-5d16-4024-beb1-cc47f0ce0463)] -> link text: Sign Out] (tried for 20 second(s) with 500 milliseconds interval)
at org.openqa.selenium.support.ui.WebDriverWait.timeoutException(WebDriverWait.java:84)
at org.openqa.selenium.support.ui.FluentWait.until(FluentWait.java:228)
at com.comcast.crm.generic.webdriverutility.WebDriverUtility.waitForElementPresent(WebDriverUtility.java:23)
at com.comcast.crm.objectrepositoryutility.HomePage.logoutUser(HomePage.java:64)
at com.comcat.crm.baseclass.BaseClass.logOutUser(BaseClass.java:72)
at java.base/java.util.ArrayList.forEach(ArrayList.java:1596)
at java.base/java.util.concurrent.FutureTask.run(FutureTask.java:317)
at java.base/java.util.concurrent.ThreadPoolExecutor.runWorker(ThreadPoolExecutor.java:1144)
at java.base/java.util.concurrent.ThreadPoolExecutor$Worker.run(ThreadPoolExecutor.java:642)
at java.base/java.lang.Thread.run(Thread.java:1583)
Caused by: org.openqa.selenium.NoSuchElementException: Unable to locate element: Sign Out
For documentation on this error, please visit: https://www.selenium.dev/documentation/webdriver/troubleshooting/errors#nosuchelementexception
Build info: version: '4.38.0', revision: '6b412e825c*'
System info: os.name: 'Windows 11', os.arch: 'amd64', os.version: '10.0', java.version: '21.0.6'
Driver info: org.openqa.selenium.firefox.FirefoxDriver
Command: [48acc6ad-5d16-4024-beb1-cc47f0ce0463, findElement {using=link text, value=Sign Out}]
Capabilities {acceptInsecureCerts: true, browserName: firefox, browserVersion: 146.0.1, moz:accessibilityChecks: false, moz:buildID: 20251217121356, moz:geckodriverVersion: 0.36.0, moz:headless: false, moz:platformVersion: 10.0, moz:processID: 25928, moz:profile: C:\Users\deviv\AppData\Loca..., moz:shutdownTimeout: 60000, moz:webdriverClick: true, moz:windowless: false, pageLoadStrategy: normal, platformName: windows, proxy: Proxy(), setWindowRect: true, strictFileInteractability: false, timeouts: {implicit: 0, pageLoad: 300000, script: 30000}, unhandledPromptBehavior: dismiss and notify, userAgent: Mozilla/5.0 (Windows NT 10....}
Session ID: 48acc6ad-5d16-4024-beb1-cc47f0ce0463
at org.openqa.selenium.remote.ErrorCodec.decode(ErrorCodec.java:167)
at org.openqa.selenium.remote.codec.w3c.W3CHttpResponseCodec.decode(W3CHttpResponseCodec.java:138)
at org.openqa.selenium.remote.codec.w3c.W3CHttpResponseCodec.decode(W3CHttpResponseCodec.java:50)
at org.openqa.selenium.remote.HttpCommandExecutor.execute(HttpCommandExecutor.java:215)
at org.openqa.selenium.remote.service.DriverCommandExecutor.invokeExecute(DriverCommandExecutor.java:216)
at org.openqa.selenium.remote.service.DriverCommandExecutor.execute(DriverCommandExecutor.java:174)
at org.openqa.selenium.remote.RemoteWebDriver.execute(RemoteWebDriver.java:557)
at org.openqa.selenium.remote.ElementLocation$ElementFinder$2.findElement(ElementLocation.java:165)
at org.openqa.selenium.remote.ElementLocation.findElement(ElementLocation.java:59)
at org.openqa.selenium.remote.RemoteWebDriver.findElement(RemoteWebDriver.java:380)
at org.openqa.selenium.remote.RemoteWebDriver.findElement(RemoteWebDriver.java:374)
at org.openqa.selenium.support.pagefactory.DefaultElementLocator.findElement(DefaultElementLocator.java:68)
at org.openqa.selenium.support.pagefactory.internal.LocatingElementHandler.invoke(LocatingElementHandler.java:38)
at jdk.proxy2/jdk.proxy2.$Proxy17.isDisplayed(Unknown Source)
at org.openqa.selenium.support.ui.ExpectedConditions.elementIfVisible(ExpectedConditions.java:308)
at org.openqa.selenium.support.ui.ExpectedConditions$10.apply(ExpectedConditions.java:294)
at org.openqa.selenium.support.ui.ExpectedConditions$10.apply(ExpectedConditions.java:291)
at org.openqa.selenium.support.ui.FluentWait.until(FluentWait.java:203)
... 28 more
... Removed 23 stack frames]]>
    </failure>
  </testcase> <!-- @AfterMethod logOutUser -->
  <testcase classname="com.comcat.crm.baseclass.BaseClass" name="@BeforeMethod loginUser" time="0.0">
    <skipped/>
  </testcase> <!-- @BeforeMethod loginUser -->
  <testcase classname="com.comcat.crm.baseclass.BaseClass" name="@AfterMethod logOutUser" time="0.0">
    <skipped/>
  </testcase> <!-- @AfterMethod logOutUser -->
  <testcase classname="com.comcat.crm.baseclass.BaseClass" name="@AfterClass quitBroswe" time="0.0">
    <skipped/>
  </testcase> <!-- @AfterClass quitBroswe -->
  <testcase classname="com.comcat.crm.contacttest.CreateContactTest" name="createContact" time="5.764"/>
  <testcase classname="com.comcat.crm.contacttest.CreateContactTest" name="createContactSupportDateTest" time="5.085"/>
  <testcase classname="com.comcat.crm.contacttest.CreateContactTest" name="createContactWithOrg" time="0.0">
    <skipped/>
  </testcase> <!-- createContactWithOrg -->
  <testcase classname="com.comcat.crm.orgtest.CreateOrganizationTest" name="createOrgTest" time="8.422"/>
  <testcase classname="com.comcat.crm.orgtest.CreateOrganizationTest" name="createOrganizationTestWithIndustry" time="7.754"/>
  <testcase classname="com.comcat.crm.orgtest.CreateOrganizationTest" name="createOrganizationTestWithPhoneNumber" time="5.523"/>
  <testcase classname="com.comcat.crm.baseclass.BaseClass" name="@BeforeSuite createDBConnection" time="0.0">
    <ignored/>
  </testcase> <!-- @BeforeSuite createDBConnection -->
  <testcase classname="com.comcat.crm.baseclass.BaseClass" name="@AfterSuite closeDBConnection" time="0.0">
    <ignored/>
  </testcase> <!-- @AfterSuite closeDBConnection -->
</testsuite> <!-- firefox-TestRunner -->
