<?xml version="1.0" encoding="UTF-8"?>
<!-- Generated by org.testng.reporters.JUnitXMLReporter -->
<testsuite ignored="2" hostname="LAPTOP-28D0TQ3R" failures="0" tests="1" name="Test" time="80.639" errors="0" timestamp="2025-12-23T15:25:35 IST">
  <testcase classname="com.comcat.crm.orgtest.CreateOrganizationTest" name="createOrgTest" time="45.668"/>
  <testcase classname="com.comcat.crm.orgtest.CreateOrganizationTest" name="createOrganizationTestWithPhoneNumber" time="0.0">
    <ignored/>
  </testcase> <!-- createOrganizationTestWithPhoneNumber -->
  <testcase classname="com.comcat.crm.orgtest.CreateOrganizationTest" name="createOrganizationTestWithIndustry" time="0.0">
    <ignored/>
  </testcase> <!-- createOrganizationTestWithIndustry -->
</testsuite> <!-- Test -->
