<?xml version="1.0" encoding="UTF-8"?>
<!-- Generated by org.testng.reporters.JUnitReportReporter -->
<testsuite hostname="LAPTOP-28D0TQ3R" failures="0" tests="2" name="com.practice.homepage.HomePageVerificationTest" time="10.812" errors="0" timestamp="2025-12-19T11:49:03 IST" skipped="0">
  <testcase classname="com.practice.homepage.HomePageVerificationTest" name="homepageTest" time="6.416"/>
  <testcase classname="com.practice.homepage.HomePageVerificationTest" name="verifyhomepageLogo" time="4.396"/>
</testsuite> <!-- com.practice.homepage.HomePageVerificationTest -->
