<?xml version="1.0" encoding="UTF-8"?>
<testng-results ignored="2" total="3" passed="1" failed="0" skipped="0">
  <reporter-output>
  </reporter-output>
  <suite started-at="2025-12-23T15:24:15 IST" name="Suite" finished-at="2025-12-23T15:25:35 IST" duration-ms="80639">
    <groups>
      <group name="smokeTest">
        <method signature="CreateOrganizationTest.createOrgTest()[pri:0, instance:com.comcat.crm.orgtest.CreateOrganizationTest@45c7e403]" name="createOrgTest" class="com.comcat.crm.orgtest.CreateOrganizationTest"/>
      </group> <!-- smokeTest -->
    </groups>
    <test started-at="2025-12-23T15:24:15 IST" name="Test" finished-at="2025-12-23T15:25:35 IST" duration-ms="80639">
      <class name="com.comcat.crm.orgtest.CreateOrganizationTest">
        <test-method is-config="true" signature="createDBConnection()[pri:0, instance:com.comcat.crm.orgtest.CreateOrganizationTest@45c7e403]" started-at="2025-12-23T15:24:14 IST" name="createDBConnection" finished-at="2025-12-23T15:24:15 IST" duration-ms="437" status="PASS">
          <reporter-output>
          </reporter-output>
        </test-method> <!-- createDBConnection -->
        <test-method is-config="true" signature="launchBrowswer()[pri:0, instance:com.comcat.crm.orgtest.CreateOrganizationTest@45c7e403]" started-at="2025-12-23T15:24:15 IST" name="launchBrowswer" finished-at="2025-12-23T15:24:16 IST" duration-ms="1405" status="PASS">
          <reporter-output>
          </reporter-output>
        </test-method> <!-- launchBrowswer -->
        <test-method is-config="true" signature="loginUser()[pri:0, instance:com.comcat.crm.orgtest.CreateOrganizationTest@45c7e403]" started-at="2025-12-23T15:24:16 IST" name="loginUser" finished-at="2025-12-23T15:24:48 IST" duration-ms="31533" status="PASS">
          <reporter-output>
          </reporter-output>
        </test-method> <!-- loginUser -->
        <test-method signature="createOrgTest()[pri:0, instance:com.comcat.crm.orgtest.CreateOrganizationTest@45c7e403]" started-at="2025-12-23T15:24:48 IST" name="createOrgTest" finished-at="2025-12-23T15:25:33 IST" duration-ms="45668" status="PASS">
          <reporter-output>
          </reporter-output>
        </test-method> <!-- createOrgTest -->
        <test-method is-config="true" signature="logOutUser()[pri:0, instance:com.comcat.crm.orgtest.CreateOrganizationTest@45c7e403]" started-at="2025-12-23T15:25:33 IST" name="logOutUser" finished-at="2025-12-23T15:25:35 IST" duration-ms="1455" status="PASS">
          <reporter-output>
          </reporter-output>
        </test-method> <!-- logOutUser -->
        <test-method is-config="true" signature="quitBroswe()[pri:0, instance:com.comcat.crm.orgtest.CreateOrganizationTest@45c7e403]" started-at="2025-12-23T15:25:35 IST" name="quitBroswe" finished-at="2025-12-23T15:25:35 IST" duration-ms="533" status="PASS">
          <reporter-output>
          </reporter-output>
        </test-method> <!-- quitBroswe -->
        <test-method is-config="true" signature="closeDBConnection()[pri:0, instance:com.comcat.crm.orgtest.CreateOrganizationTest@45c7e403]" started-at="2025-12-23T15:25:35 IST" name="closeDBConnection" finished-at="2025-12-23T15:25:35 IST" duration-ms="3" status="PASS">
          <reporter-output>
          </reporter-output>
        </test-method> <!-- closeDBConnection -->
      </class> <!-- com.comcat.crm.orgtest.CreateOrganizationTest -->
    </test> <!-- Test -->
  </suite> <!-- Suite -->
</testng-results>
